==========================================
SLURM_JOB_ID = 28269960
SLURM_JOB_NODELIST = a01-[04-05]
TMPDIR = /tmp/SLURM_28269960
==========================================

Inactive Modules:
  1) openblas/0.3.21     2) openmpi/4.1.4     3) pmix/3.2.3

The following have been reloaded with a version change:
  1) gcc/11.3.0 => gcc/12.3.0


Activating Modules:
  1) openmpi/4.1.6

al = 4.103942e+01 4.103942e+01 2.051971e+01
lc = 16 16 8
rc = 2.564964e+00 2.564964e+00 2.564964e+00
nglob = 55296
 0.050000 532664.393417 -6.009120 798990.581005
 0.100000 533128.148111 -0.104351 799692.117816
 0.150000 533129.092890 -0.010528 799693.628807
 0.200000 533157.709003 -0.012354 799736.551150
 0.250000 533216.842490  0.010813 799825.274549
 0.300000 1305714.421999 -0.024726 1958571.608273
 0.350000 1305716.452382 -0.006001 1958574.672572
 0.400000 1306402.718248 -0.024165 1959604.053207
 0.450000 1461104.616038 -0.012611 2191656.911445
 0.500000 1472537.331900 -0.009209 2208805.988640
CPU & COMT = 2.936845e+00 3.642512e-02
Cache hit rate: 43.89%
