==========================================
SLURM_JOB_ID = 28264507
SLURM_JOB_NODELIST = a04-[08-09]
TMPDIR = /tmp/SLURM_28264507
==========================================

Inactive Modules:
  1) openblas/0.3.21     2) openmpi/4.1.4     3) pmix/3.2.3

The following have been reloaded with a version change:
  1) gcc/11.3.0 => gcc/12.3.0


Activating Modules:
  1) openmpi/4.1.6

al = 4.103942e+01 4.103942e+01 2.051971e+01
lc = 16 16 8
rc = 2.564964e+00 2.564964e+00 2.564964e+00
nglob = 55296
 0.050000  0.877345 -5.137153 -3.821136
 0.100000  0.462056 -4.513097 -3.820013
 0.150000  0.510836 -4.587287 -3.821033
 0.200000  0.527457 -4.611958 -3.820772
 0.250000  0.518668 -4.598798 -3.820796
 0.300000  0.529023 -4.614343 -3.820808
 0.350000  0.532890 -4.620133 -3.820798
 0.400000  0.536070 -4.624899 -3.820794
 0.450000  0.539725 -4.630387 -3.820799
 0.500000  0.538481 -4.628514 -3.820792
CPU & COMT = 5.150883e+00 2.530489e-02
Cache hit rate: 14.54%
