==========================================
SLURM_JOB_ID = 28387049
SLURM_JOB_NODELIST = a01-[16-17]
TMPDIR = /tmp/SLURM_28387049
==========================================

Inactive Modules:
  1) openblas/0.3.21     2) openmpi/4.1.4     3) pmix/3.2.3

The following have been reloaded with a version change:
  1) gcc/11.3.0 => gcc/12.3.0


Activating Modules:
  1) openmpi/4.1.6

al = 1.600000e+01 1.600000e+01 1.600000e+01
lc = 6 6 6
rc = 2.666667e+00 2.666667e+00 2.666667e+00
nglob = 4096
 0.005000  1.601036 -2.034346  0.367207
 0.010000  1.616556 -0.329443  2.095392
 0.015000  1.618213 -0.106759  2.320561
 0.020000  1.619246 -0.050477  2.378391
 0.025000  1.621784 -0.104368  2.328308
 0.030000  1.623229 -0.138220  2.296624
 0.035000  1.626135 -0.076554  2.362648
 0.040000  1.627433 -0.087557  2.353592
 0.045000  1.629051 -0.104035  2.339542
 0.050000  1.630310 -0.048310  2.397155
CPU & COMT = 1.117183e-01 1.254960e-02
Cache hit rate: 47.87%
