==========================================
SLURM_JOB_ID = 28387058
SLURM_JOB_NODELIST = a01-[16-17]
TMPDIR = /tmp/SLURM_28387058
==========================================

Inactive Modules:
  1) openblas/0.3.21     2) openmpi/4.1.4     3) pmix/3.2.3

The following have been reloaded with a version change:
  1) gcc/11.3.0 => gcc/12.3.0


Activating Modules:
  1) openmpi/4.1.6

al = 1.600000e+01 1.600000e+01 1.600000e+01
lc = 6 6 6
rc = 2.666667e+00 2.666667e+00 2.666667e+00
nglob = 4096
 0.005000  1.500561 -2.352766 -0.101924
 0.010000  1.502290 -2.355359 -0.101924
 0.015000  1.505162 -2.359667 -0.101924
 0.020000  1.509155 -2.365657 -0.101924
 0.025000  1.514236 -2.373278 -0.101924
 0.030000  1.520362 -2.382468 -0.101925
 0.035000  1.527482 -2.393148 -0.101925
 0.040000  1.535526 -2.405214 -0.101925
 0.045000  1.544401 -2.418526 -0.101925
 0.050000  1.553979 -2.432894 -0.101925
CPU & COMT = 3.005791e-01 1.215395e-02
Cache hit rate: 15.15%
